[debug] [2024-03-03T08:16:54.715Z] ----------------------------------------------------------------------
[debug] [2024-03-03T08:16:54.718Z] Command:       C:\Program Files\nodejs\node.exe C:\Users\deeparagul\AppData\Roaming\npm\node_modules\firebase-tools\lib\bin\firebase.js init
[debug] [2024-03-03T08:16:54.719Z] CLI Version:   13.4.0
[debug] [2024-03-03T08:16:54.719Z] Platform:      win32
[debug] [2024-03-03T08:16:54.719Z] Node Version:  v21.6.1
[debug] [2024-03-03T08:16:54.719Z] Time:          Sun Mar 03 2024 16:16:54 GMT+0800 (Singapore Standard Time)
[debug] [2024-03-03T08:16:54.719Z] ----------------------------------------------------------------------
[debug] 
[debug] [2024-03-03T08:16:54.722Z] >>> [apiv2][query] GET https://firebase-public.firebaseio.com/cli.json [none]
[debug] [2024-03-03T08:16:54.760Z] > command requires scopes: ["email","openid","https://www.googleapis.com/auth/cloudplatformprojects.readonly","https://www.googleapis.com/auth/firebase","https://www.googleapis.com/auth/cloud-platform"]
[debug] [2024-03-03T08:16:54.760Z] > authorizing via signed-in user (deepathiyagu56@gmail.com)
[info] 
     ######## #### ########  ######## ########     ###     ######  ########
     ##        ##  ##     ## ##       ##     ##  ##   ##  ##       ##
     ######    ##  ########  ######   ########  #########  ######  ######
     ##        ##  ##    ##  ##       ##     ## ##     ##       ## ##
     ##       #### ##     ## ######## ########  ##     ##  ######  ########

You're about to initialize a Firebase project in this directory:

  C:\Users\deeparagul\Desktop\music

[debug] [2024-03-03T08:16:55.320Z] <<< [apiv2][status] GET https://firebase-public.firebaseio.com/cli.json 200
[debug] [2024-03-03T08:16:55.320Z] <<< [apiv2][body] GET https://firebase-public.firebaseio.com/cli.json {"cloudBuildErrorAfter":1594252800000,"cloudBuildWarnAfter":1590019200000,"defaultNode10After":1594252800000,"minVersion":"3.0.5","node8DeploysDisabledAfter":1613390400000,"node8RuntimeDisabledAfter":1615809600000,"node8WarnAfter":1600128000000}
[info] 
=== Project Setup
[info] 
[info] First, let's associate this project directory with a Firebase project.
[info] You can create multiple project aliases by running firebase use --add, 
[info] but for now we'll just set up a default project.
[info] 
[debug] [2024-03-03T08:17:46.207Z] > refreshing access token with scopes: []
[debug] [2024-03-03T08:17:46.208Z] >>> [apiv2][query] POST https://www.googleapis.com/oauth2/v3/token [none]
[debug] [2024-03-03T08:17:46.208Z] >>> [apiv2][body] POST https://www.googleapis.com/oauth2/v3/token [omitted]
[debug] [2024-03-03T08:17:46.288Z] <<< [apiv2][status] POST https://www.googleapis.com/oauth2/v3/token 200
[debug] [2024-03-03T08:17:46.288Z] <<< [apiv2][body] POST https://www.googleapis.com/oauth2/v3/token [omitted]
[debug] [2024-03-03T08:17:46.298Z] >>> [apiv2][query] GET https://firebase.googleapis.com/v1beta1/projects pageSize=100
[debug] [2024-03-03T08:17:47.033Z] <<< [apiv2][status] GET https://firebase.googleapis.com/v1beta1/projects 200
[debug] [2024-03-03T08:17:47.034Z] <<< [apiv2][body] GET https://firebase.googleapis.com/v1beta1/projects [omitted]
[debug] [2024-03-03T08:18:52.063Z] ----------------------------------------------------------------------
[debug] [2024-03-03T08:18:52.065Z] Command:       C:\Program Files\nodejs\node.exe C:\Users\deeparagul\AppData\Roaming\npm\node_modules\firebase-tools\lib\bin\firebase.js init
[debug] [2024-03-03T08:18:52.065Z] CLI Version:   13.4.0
[debug] [2024-03-03T08:18:52.066Z] Platform:      win32
[debug] [2024-03-03T08:18:52.066Z] Node Version:  v21.6.1
[debug] [2024-03-03T08:18:52.066Z] Time:          Sun Mar 03 2024 16:18:52 GMT+0800 (Singapore Standard Time)
[debug] [2024-03-03T08:18:52.066Z] ----------------------------------------------------------------------
[debug] 
[debug] [2024-03-03T08:18:52.072Z] > command requires scopes: ["email","openid","https://www.googleapis.com/auth/cloudplatformprojects.readonly","https://www.googleapis.com/auth/firebase","https://www.googleapis.com/auth/cloud-platform"]
[debug] [2024-03-03T08:18:52.073Z] > authorizing via signed-in user (deepathiyagu56@gmail.com)
[info] 
     ######## #### ########  ######## ########     ###     ######  ########
     ##        ##  ##     ## ##       ##     ##  ##   ##  ##       ##
     ######    ##  ########  ######   ########  #########  ######  ######
     ##        ##  ##    ##  ##       ##     ## ##     ##       ## ##
     ##       #### ##     ## ######## ########  ##     ##  ######  ########

You're about to initialize a Firebase project in this directory:

  C:\Users\deeparagul\Desktop\music

